13:45:42 **** Incremental Build of configuration Debug for project InClassPrograms ****
make all 
Building target: InClassPrograms
Invoking: MacOS X C++ Linker
g++  -o "InClassPrograms"  ./src/InClassPrograms.o ./src/Scope.o ./src/nameSpace.o ./src/referenceVariables.o   
duplicate symbol _main in:
    ./src/InClassPrograms.o
    ./src/Scope.o
duplicate symbol _main in:
    ./src/InClassPrograms.o
    ./src/referenceVariables.o
ld: 2 duplicate symbols for architecture x86_64
clang: error: linker command failed with exit code 1 (use -v to see invocation)
make: *** [InClassPrograms] Error 1

13:45:42 Build Finished (took 77ms)

