13:45:44 **** Incremental Build of configuration Debug for project test ****
make all 
Building target: test
Invoking: MacOS X C Linker
gcc  -o "test"  ./powerTo.o ./test.o ./test2.o   
duplicate symbol _main in:
    ./powerTo.o
    ./test.o
duplicate symbol _main in:
    ./powerTo.o
    ./test2.o
ld: 2 duplicate symbols for architecture x86_64
clang: error: linker command failed with exit code 1 (use -v to see invocation)
make: *** [test] Error 1

13:45:44 Build Finished (took 121ms)

